[    0.000000] Linux version 4.15.0-166-generic (buildd@lgw01-amd64-012) (gcc version 7.5.0 (Ubuntu 7.5.0-3ubuntu1~18.04)) #174-Ubuntu SMP Wed Dec 8 19:07:44 UTC 2021 (Ubuntu 4.15.0-166.174-generic 4.15.18)
[    0.000000] Command line: BOOT_IMAGE=/boot/vmlinuz-4.15.0-166-generic root=LABEL=cloudimg-rootfs ro console=tty1 console=ttyS0
[    0.000000] KERNEL supported cpus:
[    0.000000]   Intel GenuineIntel
[    0.000000]   AMD AuthenticAMD
[    0.000000]   Centaur CentaurHauls
[    0.000000] [Firmware Bug]: TSC doesn't count with P0 frequency!
[    0.000000] x86/fpu: Supporting XSAVE feature 0x001: 'x87 floating point registers'
[    0.000000] x86/fpu: Supporting XSAVE feature 0x002: 'SSE registers'
[    0.000000] x86/fpu: Supporting XSAVE feature 0x004: 'AVX registers'
[    0.000000] x86/fpu: xstate_offset[2]:  576, xstate_sizes[2]:  256
[    0.000000] x86/fpu: Enabled xstate features 0x7, context size is 832 bytes, using 'standard' format.
[    0.000000] e820: BIOS-provided physical RAM map:
[    0.000000] BIOS-e820: [mem 0x0000000000000000-0x000000000009fbff] usable
[    0.000000] BIOS-e820: [mem 0x000000000009fc00-0x000000000009ffff] reserved
[    0.000000] BIOS-e820: [mem 0x00000000000f0000-0x00000000000fffff] reserved
[    0.000000] BIOS-e820: [mem 0x0000000000100000-0x000000003ffeffff] usable
[    0.000000] BIOS-e820: [mem 0x000000003fff0000-0x000000003fffffff] ACPI data
[    0.000000] BIOS-e820: [mem 0x00000000fec00000-0x00000000fec00fff] reserved
[    0.000000] BIOS-e820: [mem 0x00000000fee00000-0x00000000fee00fff] reserved
[    0.000000] BIOS-e820: [mem 0x00000000fffc0000-0x00000000ffffffff] reserved
[    0.000000] NX (Execute Disable) protection: active
[    0.000000] SMBIOS 2.5 present.
[    0.000000] DMI: innotek GmbH VirtualBox/VirtualBox, BIOS VirtualBox 12/01/2006
[    0.000000] Hypervisor detected: KVM
[    0.000000] e820: last_pfn = 0x3fff0 max_arch_pfn = 0x400000000
[    0.000000] MTRR: Disabled
[    0.000000] x86/PAT: MTRRs disabled, skipping PAT initialization too.
[    0.000000] CPU MTRRs all blank - virtualized system.
[    0.000000] x86/PAT: Configuration [0-7]: WB  WT  UC- UC  WB  WT  UC- UC  
[    0.000000] found SMP MP-table at [mem 0x0009fff0-0x0009ffff]
[    0.000000] Scanning 1 areas for low memory corruption
[    0.000000] RAMDISK: [mem 0x359cf000-0x36cdefff]
[    0.000000] ACPI: Early table checksum verification disabled
[    0.000000] ACPI: RSDP 0x00000000000E0000 000024 (v02 VBOX  )
[    0.000000] ACPI: XSDT 0x000000003FFF0030 00003C (v01 VBOX   VBOXXSDT 00000001 ASL  00000061)
[    0.000000] ACPI: FACP 0x000000003FFF00F0 0000F4 (v04 VBOX   VBOXFACP 00000001 ASL  00000061)
[    0.000000] ACPI: DSDT 0x000000003FFF0470 002325 (v02 VBOX   VBOXBIOS 00000002 INTL 20100528)
[    0.000000] ACPI: FACS 0x000000003FFF0200 000040
[    0.000000] ACPI: FACS 0x000000003FFF0200 000040
[    0.000000] ACPI: APIC 0x000000003FFF0240 00005C (v02 VBOX   VBOXAPIC 00000001 ASL  00000061)
[    0.000000] ACPI: SSDT 0x000000003FFF02A0 0001CC (v01 VBOX   VBOXCPUT 00000002 INTL 20100528)
[    0.000000] ACPI: Reserving FACP table memory at [mem 0x3fff00f0-0x3fff01e3]
[    0.000000] ACPI: Reserving DSDT table memory at [mem 0x3fff0470-0x3fff2794]
[    0.000000] ACPI: Reserving FACS table memory at [mem 0x3fff0200-0x3fff023f]
[    0.000000] ACPI: Reserving FACS table memory at [mem 0x3fff0200-0x3fff023f]
[    0.000000] ACPI: Reserving APIC table memory at [mem 0x3fff0240-0x3fff029b]
[    0.000000] ACPI: Reserving SSDT table memory at [mem 0x3fff02a0-0x3fff046b]
[    0.000000] No NUMA configuration found
[    0.000000] Faking a node at [mem 0x0000000000000000-0x000000003ffeffff]
[    0.000000] NODE_DATA(0) allocated [mem 0x3ffc5000-0x3ffeffff]
[    0.000000] kvm-clock: cpu 0, msr 0:3ff44001, primary cpu clock
[    0.000000] kvm-clock: Using msrs 4b564d01 and 4b564d00
[    0.000000] kvm-clock: using sched offset of 3200264653 cycles
[    0.000000] clocksource: kvm-clock: mask: 0xffffffffffffffff max_cycles: 0x1cd42e4dffb, max_idle_ns: 881590591483 ns
[    0.000000] Zone ranges:
[    0.000000]   DMA      [mem 0x0000000000001000-0x0000000000ffffff]
[    0.000000]   DMA32    [mem 0x0000000001000000-0x000000003ffeffff]
[    0.000000]   Normal   empty
[    0.000000]   Device   empty
[    0.000000] Movable zone start for each node
[    0.000000] Early memory node ranges
[    0.000000]   node   0: [mem 0x0000000000001000-0x000000000009efff]
[    0.000000]   node   0: [mem 0x0000000000100000-0x000000003ffeffff]
[    0.000000] Reserved but unavailable: 104 pages
[    0.000000] Initmem setup node 0 [mem 0x0000000000001000-0x000000003ffeffff]
[    0.000000] ACPI: PM-Timer IO Port: 0x4008
[    0.000000] IOAPIC[0]: apic_id 2, version 32, address 0xfec00000, GSI 0-23
[    0.000000] ACPI: INT_SRC_OVR (bus 0 bus_irq 0 global_irq 2 dfl dfl)
[    0.000000] ACPI: INT_SRC_OVR (bus 0 bus_irq 9 global_irq 9 low level)
[    0.000000] Using ACPI (MADT) for SMP configuration information
[    0.000000] smpboot: Allowing 2 CPUs, 0 hotplug CPUs
[    0.000000] PM: Registered nosave memory: [mem 0x00000000-0x00000fff]
[    0.000000] PM: Registered nosave memory: [mem 0x0009f000-0x0009ffff]
[    0.000000] PM: Registered nosave memory: [mem 0x000a0000-0x000effff]
[    0.000000] PM: Registered nosave memory: [mem 0x000f0000-0x000fffff]
[    0.000000] e820: [mem 0x40000000-0xfebfffff] available for PCI devices
[    0.000000] Booting paravirtualized kernel on KVM
[    0.000000] clocksource: refined-jiffies: mask: 0xffffffff max_cycles: 0xffffffff, max_idle_ns: 7645519600211568 ns
[    0.000000] random: get_random_bytes called from start_kernel+0x99/0x500 with crng_init=0
[    0.000000] setup_percpu: NR_CPUS:8192 nr_cpumask_bits:2 nr_cpu_ids:2 nr_node_ids:1
[    0.000000] percpu: Embedded 45 pages/cpu s147456 r8192 d28672 u1048576
[    0.000000] PV qspinlock hash table entries: 256 (order: 0, 4096 bytes)
[    0.000000] Built 1 zonelists, mobility grouping on.  Total pages: 257913
[    0.000000] Policy zone: DMA32
[    0.000000] Kernel command line: BOOT_IMAGE=/boot/vmlinuz-4.15.0-166-generic root=LABEL=cloudimg-rootfs ro console=tty1 console=ttyS0
[    0.000000] Memory: 982716K/1048120K available (12300K kernel code, 2483K rwdata, 4320K rodata, 2448K init, 2724K bss, 65404K reserved, 0K cma-reserved)
[    0.000000] SLUB: HWalign=64, Order=0-3, MinObjects=0, CPUs=2, Nodes=1
[    0.000000] ftrace: allocating 39491 entries in 155 pages
[    0.004000] Hierarchical RCU implementation.
[    0.004000] 	RCU restricting CPUs from NR_CPUS=8192 to nr_cpu_ids=2.
[    0.004000] 	Tasks RCU enabled.
[    0.004000] RCU: Adjusting geometry for rcu_fanout_leaf=16, nr_cpu_ids=2
[    0.004000] NR_IRQS: 524544, nr_irqs: 440, preallocated irqs: 16
[    0.004000] Console: colour VGA+ 80x25
[    0.004000] console [tty1] enabled
[    0.004000] console [ttyS0] enabled
[    0.004000] ACPI: Core revision 20170831
[    0.004000] ACPI: 2 ACPI AML tables successfully acquired and loaded
[    0.004000] APIC: Switch to symmetric I/O mode setup
[    0.004000] x2apic enabled
[    0.004000] Switched APIC routing to physical x2apic.
[    0.004000] ..TIMER: vector=0x30 apic1=0 pin1=2 apic2=-1 pin2=-1
[    0.004000] tsc: Detected 2994.370 MHz processor
[    0.004008] Calibrating delay loop (skipped) preset value.. 5988.74 BogoMIPS (lpj=11977480)
[    0.005118] pid_max: default: 32768 minimum: 301
[    0.005764] Security Framework initialized
[    0.006315] Yama: becoming mindful.
[    0.006899] AppArmor: AppArmor initialized
[    0.008054] Dentry cache hash table entries: 131072 (order: 8, 1048576 bytes)
[    0.009097] Inode-cache hash table entries: 65536 (order: 7, 524288 bytes)
[    0.010030] Mount-cache hash table entries: 2048 (order: 2, 16384 bytes)
[    0.012005] Mountpoint-cache hash table entries: 2048 (order: 2, 16384 bytes)
[    0.013081] Last level iTLB entries: 4KB 1024, 2MB 1024, 4MB 512
[    0.013898] Last level dTLB entries: 4KB 2048, 2MB 2048, 4MB 1024, 1GB 0
[    0.014750] Spectre V1 : Mitigation: usercopy/swapgs barriers and __user pointer sanitization
[    0.015878] Spectre V2 : Spectre mitigation: LFENCE not serializing, switching to generic retpoline
[    0.016003] Spectre V2 : Mitigation: Full generic retpoline
[    0.016795] Spectre V2 : Spectre v2 / SpectreRSB mitigation: Filling RSB on context switch
[    0.017983] Speculative Store Bypass: Mitigation: Speculative Store Bypass disabled via prctl and seccomp
[    0.019430] Freeing SMP alternatives memory: 36K
[    0.131199] smpboot: CPU0: AMD Ryzen 5 4600H with Radeon Graphics (family: 0x17, model: 0x60, stepping: 0x1)
[    0.132000] Performance Events: PMU not available due to virtualization, using software events only.
[    0.132000] Hierarchical SRCU implementation.
[    0.132000] NMI watchdog: Perf event create on CPU 0 failed with -2
[    0.132002] NMI watchdog: Perf NMI watchdog permanently disabled
[    0.132895] smp: Bringing up secondary CPUs ...
[    0.133650] x86: Booting SMP configuration:
[    0.134273] .... node  #0, CPUs:      #1
[    0.004000] kvm-clock: cpu 1, msr 0:3ff44041, secondary cpu clock
[    0.138523] smp: Brought up 1 node, 2 CPUs
[    0.138523] smpboot: Max logical packages: 1
[    0.138523] smpboot: Total of 2 processors activated (11977.48 BogoMIPS)
[    0.140089] devtmpfs: initialized
[    0.140564] x86/mm: Memory block size: 128MB
[    0.141283] evm: security.selinux
[    0.141823] evm: security.SMACK64
[    0.141823] evm: security.SMACK64EXEC
[    0.141823] evm: security.SMACK64TRANSMUTE
[    0.141823] evm: security.SMACK64MMAP
[    0.141823] evm: security.apparmor
[    0.142012] evm: security.ima
[    0.142443] evm: security.capability
[    0.144147] clocksource: jiffies: mask: 0xffffffff max_cycles: 0xffffffff, max_idle_ns: 7645041785100000 ns
[    0.144147] futex hash table entries: 512 (order: 3, 32768 bytes)
[    0.145879] pinctrl core: initialized pinctrl subsystem
[    0.146716] RTC time:  7:59:57, date: 01/08/22
[    0.148179] NET: Registered protocol family 16
[    0.148816] audit: initializing netlink subsys (disabled)
[    0.152022] audit: type=2000 audit(1641628801.744:1): state=initialized audit_enabled=0 res=1
[    0.153115] cpuidle: using governor ladder
[    0.153115] cpuidle: using governor menu
[    0.153115] ACPI: bus type PCI registered
[    0.153115] acpiphp: ACPI Hot Plug PCI Controller Driver version: 0.5
[    0.156074] PCI: Using configuration type 1 for base access
[    0.156819] PCI: Using configuration type 1 for extended access
[    0.157594] HugeTLB registered 2.00 MiB page size, pre-allocated 0 pages
[    0.160064] ACPI: Added _OSI(Module Device)
[    0.160644] ACPI: Added _OSI(Processor Device)
[    0.161198] ACPI: Added _OSI(3.0 _SCP Extensions)
[    0.161873] ACPI: Added _OSI(Processor Aggregator Device)
[    0.161873] ACPI: Added _OSI(Linux-Dell-Video)
[    0.161873] ACPI: Added _OSI(Linux-Lenovo-NV-HDMI-Audio)
[    0.161873] ACPI: Added _OSI(Linux-HPI-Hybrid-Graphics)
[    0.162266] ACPI: Executed 1 blocks of module-level executable AML code
[    0.164924] ACPI: Interpreter enabled
[    0.165445] ACPI: (supports S0 S5)
[    0.165985] ACPI: Using IOAPIC for interrupt routing
[    0.166935] PCI: Using host bridge windows from ACPI; if necessary, use "pci=nocrs" and report a bug
[    0.168116] ACPI: Enabled 2 GPEs in block 00 to 07
[    0.173159] ACPI: PCI Root Bridge [PCI0] (domain 0000 [bus 00-ff])
[    0.174040] acpi PNP0A03:00: _OSC: OS supports [ExtendedConfig ASPM ClockPM Segments MSI]
[    0.175813] acpi PNP0A03:00: _OSC: platform does not support [PCIeCapability]
[    0.176338] acpi PNP0A03:00: _OSC: not requesting control; platform does not support [PCIeCapability]
[    0.177572] acpi PNP0A03:00: _OSC: OS requested [PCIeHotplug PME AER PCIeCapability]
[    0.178568] acpi PNP0A03:00: _OSC: platform willing to grant [PCIeHotplug PME AER]
[    0.180003] acpi PNP0A03:00: _OSC failed (AE_SUPPORT); disabling ASPM
[    0.181110] PCI host bridge to bus 0000:00
[    0.181673] pci_bus 0000:00: root bus resource [io  0x0000-0x0cf7 window]
[    0.182502] pci_bus 0000:00: root bus resource [io  0x0d00-0xffff window]
[    0.184002] pci_bus 0000:00: root bus resource [mem 0x000a0000-0x000bffff window]
[    0.185056] pci_bus 0000:00: root bus resource [mem 0x40000000-0xfdffffff window]
[    0.185993] pci_bus 0000:00: root bus resource [bus 00-ff]
[    0.189247] pci 0000:00:01.1: legacy IDE quirk: reg 0x10: [io  0x01f0-0x01f7]
[    0.190113] pci 0000:00:01.1: legacy IDE quirk: reg 0x14: [io  0x03f6]
[    0.190890] pci 0000:00:01.1: legacy IDE quirk: reg 0x18: [io  0x0170-0x0177]
[    0.191740] pci 0000:00:01.1: legacy IDE quirk: reg 0x1c: [io  0x0376]
[    0.206975] pci 0000:00:07.0: quirk: [io  0x4000-0x403f] claimed by PIIX4 ACPI
[    0.208000] pci 0000:00:07.0: quirk: [io  0x4100-0x410f] claimed by PIIX4 SMB
[    0.213814] ACPI: PCI Interrupt Link [LNKA] (IRQs 5 9 10 *11)
[    0.214791] ACPI: PCI Interrupt Link [LNKB] (IRQs 5 9 *10 11)
[    0.216043] ACPI: PCI Interrupt Link [LNKC] (IRQs 5 *9 10 11)
[    0.216908] ACPI: PCI Interrupt Link [LNKD] (IRQs 5 9 10 *11)
[    0.218019] SCSI subsystem initialized
[    0.220091] pci 0000:00:02.0: vgaarb: setting as boot VGA device
[    0.221012] pci 0000:00:02.0: vgaarb: VGA device added: decodes=io+mem,owns=io+mem,locks=none
[    0.222287] pci 0000:00:02.0: vgaarb: bridge control possible
[    0.224011] vgaarb: loaded
[    0.224473] ACPI: bus type USB registered
[    0.225096] usbcore: registered new interface driver usbfs
[    0.225879] usbcore: registered new interface driver hub
[    0.226615] usbcore: registered new device driver usb
[    0.227369] EDAC MC: Ver: 3.0.0
[    0.228038] PCI: Using ACPI for IRQ routing
[    0.228802] NetLabel: Initializing
[    0.229277] NetLabel:  domain hash size = 128
[    0.229870] NetLabel:  protocols = UNLABELED CIPSOv4 CALIPSO
[    0.229870] NetLabel:  unlabeled traffic allowed by default
[    0.232117] clocksource: Switched to clocksource kvm-clock
[    0.244144] VFS: Disk quotas dquot_6.6.0
[    0.244144] VFS: Dquot-cache hash table entries: 512 (order 0, 4096 bytes)
[    0.244144] AppArmor: AppArmor Filesystem Enabled
[    0.244144] pnp: PnP ACPI init
[    0.244144] pnp: PnP ACPI: found 3 devices
[    0.259259] clocksource: acpi_pm: mask: 0xffffff max_cycles: 0xffffff, max_idle_ns: 2085701024 ns
[    0.260260] NET: Registered protocol family 2
[    0.260260] IP idents hash table entries: 16384 (order: 5, 131072 bytes)
[    0.263441] TCP established hash table entries: 8192 (order: 4, 65536 bytes)
[    0.264458] TCP bind hash table entries: 8192 (order: 5, 131072 bytes)
[    0.265391] TCP: Hash tables configured (established 8192 bind 8192)
[    0.266315] UDP hash table entries: 512 (order: 2, 16384 bytes)
[    0.267145] UDP-Lite hash table entries: 512 (order: 2, 16384 bytes)
[    0.268052] NET: Registered protocol family 1
[    0.268442] pci 0000:00:00.0: Limiting direct PCI/PCI transfers
[    0.268442] pci 0000:00:01.0: Activating ISA DMA hang workarounds
[    0.268442] pci 0000:00:02.0: Video device with shadowed ROM at [mem 0x000c0000-0x000dffff]
[    0.268442] Unpacking initramfs...
[    0.268442] Freeing initrd memory: 19520K
[    0.268442] clocksource: tsc: mask: 0xffffffffffffffff max_cycles: 0x2b297ee6b6c, max_idle_ns: 440795233980 ns
[    0.268442] platform rtc_cmos: registered platform RTC device (no PNP device found)
[    0.268442] Scanning for low memory corruption every 60 seconds
[    0.511993] Initialise system trusted keyrings
[    0.512627] Key type blacklist registered
[    0.513283] workingset: timestamp_bits=36 max_order=18 bucket_order=0
[    0.514813] zbud: loaded
[    0.515658] squashfs: version 4.0 (2009/01/31) Phillip Lougher
[    0.516635] fuse init (API version 7.26)
[    0.522449] Key type asymmetric registered
[    0.523006] Asymmetric key parser 'x509' registered
[    0.523627] Block layer SCSI generic (bsg) driver version 0.4 loaded (major 246)
[    0.524689] io scheduler noop registered
[    0.525218] io scheduler deadline registered
[    0.525788] io scheduler cfq registered (default)
[    0.526597] ACPI: AC Adapter [AC] (on-line)
[    0.527189] input: Power Button as /devices/LNXSYSTM:00/LNXPWRBN:00/input/input0
[    0.528286] ACPI: Power Button [PWRF]
[    0.528817] input: Sleep Button as /devices/LNXSYSTM:00/LNXSLPBN:00/input/input1
[    0.529723] ACPI: Sleep Button [SLPF]
[    0.530742] Serial: 8250/16550 driver, 32 ports, IRQ sharing enabled
[    0.531097] ACPI: Battery Slot [BAT0] (battery present)
[    0.552764] 00:02: ttyS0 at I/O 0x3f8 (irq = 4, base_baud = 115200) is a 16550A
[    0.556978] Linux agpgart interface v0.103
[    0.558915] loop: module loaded
[    0.559837] scsi host0: ata_piix
[    0.560794] scsi host1: ata_piix
[    0.561395] ata1: PATA max UDMA/33 cmd 0x1f0 ctl 0x3f6 bmdma 0xd000 irq 14
[    0.562254] ata2: PATA max UDMA/33 cmd 0x170 ctl 0x376 bmdma 0xd008 irq 15
[    0.563351] libphy: Fixed MDIO Bus: probed
[    0.563949] tun: Universal TUN/TAP device driver, 1.6
[    0.564680] PPP generic driver version 2.4.2
[    0.565400] ehci_hcd: USB 2.0 'Enhanced' Host Controller (EHCI) Driver
[    0.566327] ehci-pci: EHCI PCI platform driver
[    0.566993] ehci-platform: EHCI generic platform driver
[    0.567756] ohci_hcd: USB 1.1 'Open' Host Controller (OHCI) Driver
[    0.568620] ohci-pci: OHCI PCI platform driver
[    0.569228] ohci-platform: OHCI generic platform driver
[    0.569969] uhci_hcd: USB Universal Host Controller Interface driver
[    0.570809] i8042: PNP: PS/2 Controller [PNP0303:PS2K,PNP0f03:PS2M] at 0x60,0x64 irq 1,12
[    0.572274] serio: i8042 KBD port at 0x60,0x64 irq 1
[    0.572956] serio: i8042 AUX port at 0x60,0x64 irq 12
[    0.573772] mousedev: PS/2 mouse device common for all mice
[    0.575022] rtc_cmos rtc_cmos: rtc core: registered rtc_cmos as rtc0
[    0.576176] input: AT Translated Set 2 keyboard as /devices/platform/i8042/serio0/input/input2
[    0.577454] rtc_cmos rtc_cmos: alarms up to one day, 114 bytes nvram
[    0.578282] i2c /dev entries driver
[    0.578809] device-mapper: uevent: version 1.0.3
[    0.579699] device-mapper: ioctl: 4.37.0-ioctl (2017-09-20) initialised: dm-devel@redhat.com
[    0.580915] ledtrig-cpu: registered to indicate activity on CPUs
[    0.582215] NET: Registered protocol family 10
[    0.585934] Segment Routing with IPv6
[    0.586485] NET: Registered protocol family 17
[    0.587149] Key type dns_resolver registered
[    0.588023] mce: Using 0 MCE banks
[    0.588528] RAS: Correctable Errors collector initialized.
[    0.589248] sched_clock: Marking stable (588007919, 0)->(723396523, -135388604)
[    0.590651] registered taskstats version 1
[    0.591253] Loading compiled-in X.509 certificates
[    0.593702] Loaded X.509 cert 'Build time autogenerated kernel key: 408b96eb428cbe545a63e9a677d083d5c6df802b'
[    0.595396] Loaded X.509 cert 'Canonical Ltd. Live Patch Signing: 14df34d1a87cf37625abec039ef2bf521249b969'
[    0.597042] Loaded X.509 cert 'Canonical Ltd. Kernel Module Signing: 88f752e560a1e0737e31163a466ad7b70a850c19'
[    0.598284] blacklist: Loading compiled-in revocation X.509 certificates
[    0.599147] Loaded X.509 cert 'Canonical Ltd. Secure Boot Signing: 61482aa2830d0ab2ad5af10b7250da9033ddcef0'
[    0.600393] zswap: loaded using pool lzo/zbud
[    0.603607] Key type big_key registered
[    0.604180] Key type trusted registered
[    0.606058] Key type encrypted registered
[    0.606679] AppArmor: AppArmor sha1 policy hashing enabled
[    0.607457] ima: No TPM chip found, activating TPM-bypass! (rc=-19)
[    0.608336] ima: Allocated hash algorithm: sha1
[    0.609018] evm: HMAC attrs: 0x1
[    0.609635]   Magic number: 6:751:975
[    0.610255] rtc_cmos rtc_cmos: setting system clock to 2022-01-08 07:59:57 UTC (1641628797)
[    0.611481] BIOS EDD facility v0.16 2004-Jun-25, 0 devices found
[    0.612280] EDD information not available.
[    0.745926] Freeing unused kernel image memory: 2448K
[    0.756925] Write protecting the kernel read-only data: 20480k
[    0.759822] Freeing unused kernel image memory: 2008K
[    0.760862] Freeing unused kernel image memory: 1824K
[    0.767082] x86/mm: Checked W+X mappings: passed, no W+X pages found.
Loading, please wait...
starting version 237
[    0.809764] Fusion MPT base driver 3.04.20
[    0.810603] Copyright (c) 1999-2008 LSI Corporation
[    0.822494] Fusion MPT SPI Host driver 3.04.20
[    0.824281] e1000: Intel(R) PRO/1000 Network Driver - version 7.3.21-k8-NAPI
[    0.825470] e1000: Copyright (c) 1999-2006 Intel Corporation.
[    0.827840] AVX2 version of gcm_enc/dec engaged.
[    0.828665] AES CTR mode by8 optimization enabled
[    0.836670] mptbase: ioc0: Initiating bringup
[    0.936741] ioc0: LSI53C1030 A0: Capabilities={Initiator}
[    1.022220] input: ImExPS/2 Generic Explorer Mouse as /devices/platform/i8042/serio1/input/input4
[    1.183340] scsi host2: ioc0: LSI53C1030 A0, FwRev=00000000h, Ports=1, MaxQ=256, IRQ=20
[    1.368491] scsi 2:0:0:0: Direct-Access     VBOX     HARDDISK         1.0  PQ: 0 ANSI: 5
[    1.392071] scsi target2:0:0: Beginning Domain Validation
[    1.395848] scsi target2:0:0: Domain Validation skipping write tests
[    1.396699] scsi target2:0:0: Ending Domain Validation
[    1.398004] scsi target2:0:0: asynchronous
[    1.399214] scsi 2:0:1:0: Direct-Access     VBOX     HARDDISK         1.0  PQ: 0 ANSI: 5
[    1.652385] scsi target2:0:1: Beginning Domain Validation
[    1.655941] random: fast init done
[    1.656598] scsi target2:0:1: Domain Validation skipping write tests
[    1.657459] scsi target2:0:1: Ending Domain Validation
[    1.659063] scsi target2:0:1: asynchronous
[    1.663225] sd 2:0:0:0: Attached scsi generic sg0 type 0
[    1.663830] random: systemd-udevd: uninitialized urandom read (16 bytes read)
[    1.664138] sd 2:0:1:0: Attached scsi generic sg1 type 0
[    1.664945] random: systemd-udevd: uninitialized urandom read (16 bytes read)
[    1.666838] sd 2:0:0:0: [sda] 83886080 512-byte logical blocks: (42.9 GB/40.0 GiB)
[    1.667920] random: systemd-udevd: uninitialized urandom read (16 bytes read)
[    1.669260] sd 2:0:0:0: [sda] Write Protect is off
[    1.670151] sd 2:0:0:0: [sda] Incomplete mode parameter data
[    1.670997] sd 2:0:0:0: [sda] Assuming drive cache: write through
[    1.672959]  sda: sda1
[    1.673869] sd 2:0:0:0: [sda] Attached SCSI disk
[    1.674704] sd 2:0:1:0: [sdb] 20480 512-byte logical blocks: (10.5 MB/10.0 MiB)
[    1.675874] sd 2:0:1:0: [sdb] Write Protect is off
[    1.676766] sd 2:0:1:0: [sdb] Incomplete mode parameter data
[    1.677717] sd 2:0:1:0: [sdb] Assuming drive cache: write through
[    1.681034] sd 2:0:1:0: [sdb] Attached SCSI disk
[    1.743492] e1000 0000:00:03.0 eth0: (PCI:33MHz:32-bit) 02:0f:94:a1:da:7f
[    1.744400] e1000 0000:00:03.0 eth0: Intel(R) PRO/1000 Network Connection
[    1.746289] e1000 0000:00:03.0 enp0s3: renamed from eth0
Begin: Loading essential drivers ... [    3.136503] raid6: sse2x1   gen()  8105 MB/s
[    3.184613] raid6: sse2x1   xor()  8126 MB/s
[    3.232254] raid6: sse2x2   gen() 16554 MB/s
[    3.280160] raid6: sse2x2   xor() 10968 MB/s
[    3.328041] raid6: sse2x4   gen() 17647 MB/s
[    3.376026] raid6: sse2x4   xor()  9666 MB/s
[    3.424021] raid6: avx2x1   gen() 20455 MB/s
[    3.472665] raid6: avx2x1   xor() 15561 MB/s
[    3.520517] raid6: avx2x2   gen() 34346 MB/s
[    3.568432] raid6: avx2x2   xor() 20478 MB/s
[    3.616311] raid6: avx2x4   gen() 35746 MB/s
[    3.664203] raid6: avx2x4   xor() 15888 MB/s
[    3.664896] raid6: using algorithm avx2x4 gen() 35746 MB/s
[    3.665703] raid6: .... xor() 15888 MB/s, rmw enabled
[    3.666486] raid6: using avx2x2 recovery algorithm
[    3.668069] xor: automatically using best checksumming function   avx       
[    3.669938] async_tx: api initialized (async)
done.
Begin: Running /scripts/init-premount ... done.
Begin: Mounting root file system ... Begin: Running /scripts/local-top ... done.
Begin: Running /scripts/local-premount ... [    3.705982] Btrfs loaded, crc32c=crc32c-intel
Scanning for Btrfs filesystems
done.
Warning: fsck not present, so skipping root file system
[    3.727204] EXT4-fs (sda1): mounted filesystem with ordered data mode. Opts: (null)
done.
Begin: Running /scripts/local-bottom ... done.
Begin: Running /scripts/init-bottom ... done.
[    3.845149] ip_tables: (C) 2000-2006 Netfilter Core Team
[    3.851737] systemd[1]: systemd 237 running in system mode. (+PAM +AUDIT +SELINUX +IMA +APPARMOR +SMACK +SYSVINIT +UTMP +LIBCRYPTSETUP +GCRYPT +GNUTLS +ACL +XZ +LZ4 +SECCOMP +BLKID +ELFUTILS +KMOD -IDN2 +IDN -PCRE2 default-hierarchy=hybrid)
[    3.854410] systemd[1]: Detected virtualization oracle.
[    3.855077] systemd[1]: Detected architecture x86-64.

Welcome to [1mUbuntu 18.04.6 LTS[0m!

[    3.873308] systemd[1]: Set hostname to <ubuntu>.
[    3.876717] systemd[1]: Initializing machine ID from random generator.
[    3.877524] systemd[1]: Installed transient /etc/machine-id file.
[    4.095424] systemd[1]: Reached target User and Group Name Lookups.
[[0;32m  OK  [0m] Reached target User and Group Name Lookups.
[    4.097877] systemd[1]: Reached target Swap.
[[0;32m  OK  [0m] Reached target Swap.
[    4.099819] systemd[1]: Created slice User and Session Slice.
[[0;32m  OK  [0m] Created slice User and Session Slice.
[    4.115849] systemd[1]: Created slice System Slice.
[[0;32m  OK  [0m] Created slice System Slice.
[[0;32m  OK  [0m] Listening on Network Service Netlink Socket.
[[0;32m  OK  [0m] Listening on fsck to fsckd communication Socket.
[[0;32m  OK  [0m] Listening on LVM2 poll daemon socket.
[[0;32m  OK  [0m] Listening on Device-mapper event daemon FIFOs.
[[0;32m  OK  [0m] Created slice system-serial\x2dgetty.slice.
[[0;32m  OK  [0m] Listening on /dev/initctl Compatibility Named Pipe.
[[0;32m  OK  [0m] Reached target Slices.
[[0;32m  OK  [0m] Listening on udev Kernel Socket.
[[0;32m  OK  [0m] Listening on Journal Audit Socket.
[[0;32m  OK  [0m] Listening on Syslog Socket.
[[0;32m  OK  [0m] Listening on LVM2 metadata daemon socket.
[[0;32m  OK  [0m] Started Forward Password Requests to Wall Directory Watch.
[[0;32m  OK  [0m] Reached target System Time Synchronized.
[[0;32m  OK  [0m] Set up automount Arbitrary Executab…rmats File System Automount Point.
[[0;32m  OK  [0m] Listening on Journal Socket (/dev/log).
[[0;32m  OK  [0m] Listening on Journal Socket.
         Starting Create list of required st…ce nodes for the current kernel...
         Mounting Kernel Debug File System...
         Starting Journal Service...
         Starting Uncomplicated firewall...
         Starting Monitoring of LVM2 mirrors…ng dmeventd or progress polling...
         Mounting POSIX Message Queue File System...
         Starting File System Check on Root Device...
         Mounting Huge Pages File System...
         Starting Set the console keyboard layout...
         Starting Load Kernel Modules...
[[0;32m  OK  [0m] Listening on udev Control Socket.
         Starting udev Coldplug all Devices...
[[0;32m  OK  [0m] Started Journal Service.
[[0;32m  OK  [0m] Started Create list of required sta…vice nodes for the current kernel.
[[0;32m  OK  [0m] Mounted Kernel Debug File System.
[[0;32m  OK  [0m] Started Uncomplicated firewall.
[[0;32m  OK  [0m] Mounted POSIX Message Queue File System.
[    4.302619] Loading iSCSI transport class v2.0-870.
[    4.307575] iscsi: registered transport (tcp)
[[0;32m  OK  [0m] Started File System Check on Root Device.
[[0;32m  OK  [0m] Mounted Huge Pages File System.
[[0;32m  OK  [0m] Started LVM2 metadata daemon.
[[0;32m  OK  [0m] Started File System Check Daemon to report status.
         Starting Remount Root and Kernel File Systems...
         Starting Create Static Device Nodes in /dev...
[[0;32m  OK  [0m] Started udev Coldplug all Devices.
[[0;32m  OK  [0m] Started Create Static Device Nodes in /dev.
[    4.391361] iscsi: registered transport (iser)
[[0;32m  OK  [0m] Started Load Kernel Modules.
         Starting Apply Kernel Variables...
         Mounting Kernel Configuration File System...
         Mounting FUSE Control File System...
[    4.408235] EXT4-fs (sda1): re-mounted. Opts: (null)
[[0;32m  OK  [0m] Started Remount Root and Kernel File Systems.
[[0;32m  OK  [0m] Mounted Kernel Configuration File System.
[[0;32m  OK  [0m] Mounted FUSE Control File System.
[[0;32m  OK  [0m] Started Monitoring of LVM2 mirrors,…sing dmeventd or progress polling.
[[0;32m  OK  [0m] Started Apply Kernel Variables.
         Starting Flush Journal to Persistent Storage...
         Starting udev Kernel Device Manager...
         Starting Load/Save Random Seed...
[[0;32m  OK  [0m] Started udev Kernel Device Manager.
[[0;32m  OK  [0m] Started Load/Save Random Seed.
[[0;32m  OK  [0m] Started Set the console keyboard layout.
[[0;32m  OK  [0m] Started Dispatch Password Requests to Console Directory Watch.
[[0;32m  OK  [0m] Reached target Local Encrypted Volumes.
[[0;32m  OK  [0m] Reached target Local File Systems (Pre).
[[0;32m  OK  [0m] Reached target Local File Systems.
         Starting AppArmor initialization...
         Starting ebtables ruleset management...
         Starting Set console font and keymap...
         Starting Tell Plymouth To Write Out Runtime Data...
         Starting Commit a transient machine-id on disk...
[[0;32m  OK  [0m] Started Flush Journal to Persistent Storage.
[[0;32m  OK  [0m] Started Set console font and keymap.
         Starting Create Volatile Files and Directories...
[[0;32m  OK  [0m] Started Tell Plymouth To Write Out Runtime Data.
[[0;32m  OK  [0m] Started Create Volatile Files and Directories.
         Starting Update UTMP about System Boot/Shutdown...
[[0;32m  OK  [0m] Started Commit a transient machine-id on disk.
[[0;32m  OK  [0m] Started Update UTMP about System Boot/Shutdown.
[[0;32m  OK  [0m] Started ebtables ruleset management.
[[0;32m  OK  [0m] Found device /dev/ttyS0.
[[0;32m  OK  [0m] Listening on Load/Save RF Kill Switch Status /dev/rfkill Watch.
[[0;32m  OK  [0m] Started AppArmor initialization.
         Starting Initial cloud-init job (pre-networking)...
         Starting Load AppArmor profiles managed internally by snapd...
[[0;32m  OK  [0m] Started Load AppArmor profiles managed internally by snapd.
[    6.674684] cloud-init[562]: Cloud-init v. 21.4-0ubuntu1~18.04.1 running 'init-local' at Sat, 08 Jan 2022 08:00:03 +0000. Up 6.35 seconds.
[[0;32m  OK  [0m] Started Initial cloud-init job (pre-networking).
[[0;32m  OK  [0m] Reached target Network (Pre).
         Starting Network Service...
[[0;32m  OK  [0m] Started Network Service.
         Starting Network Name Resolution...
         Starting Wait for Network to be Configured...
[[0;32m  OK  [0m] Started Network Name Resolution.
[[0;32m  OK  [0m] Reached target Host and Network Name Lookups.
[[0;32m  OK  [0m] Reached target Network.
[[0;32m  OK  [0m] Started Wait for Network to be Configured.
         Starting Initial cloud-init job (metadata service crawler)...
[    8.335819] cloud-init[684]: Cloud-init v. 21.4-0ubuntu1~18.04.1 running 'init' at Sat, 08 Jan 2022 08:00:05 +0000. Up 8.19 seconds.
[    8.336607] cloud-init[684]: ci-info: +++++++++++++++++++++++++++++++++++++Net device info++++++++++++++++++++++++++++++++++++++
[    8.337234] cloud-init[684]: ci-info: +--------+------+---------------------------+---------------+--------+-------------------+
[    8.352490] cloud-init[684]: ci-info: | Device |  Up  |          Address          |      Mask     | Scope  |     Hw-Address    |
[    8.353447] cloud-init[684]: ci-info: +--------+------+---------------------------+---------------+--------+-------------------+
[    8.354296] cloud-init[684]: ci-info: | enp0s3 | True |         10.0.2.15         | 255.255.255.0 | global | 02:0f:94:a1:da:7f |
[    8.364374] cloud-init[684]: ci-info: | enp0s3 | True | fe80::f:94ff:fea1:da7f/64 |       .       |  link  | 02:0f:94:a1:da:7f |
[    8.365108] cloud-init[684]: ci-info: |   lo   | True |         127.0.0.1         |   255.0.0.0   |  host  |         .         |
[    8.365755] cloud-init[684]: ci-info: |   lo   | True |          ::1/128          |       .       |  host  |         .         |
[    8.366457] cloud-init[684]: ci-info: +--------+------+---------------------------+---------------+--------+-------------------+
[    8.367132] cloud-init[684]: ci-info: ++++++++++++++++++++++++++++Route IPv4 info+++++++++++++++++++++++++++++
[    8.367684] cloud-init[684]: ci-info: +-------+-------------+----------+-----------------+-----------+-------+
[    8.368321] cloud-init[684]: ci-info: | Route | Destination | Gateway  |     Genmask     | Interface | Flags |
[    8.368991] cloud-init[684]: ci-info: +-------+-------------+----------+-----------------+-----------+-------+
[    8.369582] cloud-init[684]: ci-info: |   0   |   0.0.0.0   | 10.0.2.2 |     0.0.0.0     |   enp0s3  |   UG  |
[    8.370195] cloud-init[684]: ci-info: |   1   |   10.0.2.0  | 0.0.0.0  |  255.255.255.0  |   enp0s3  |   U   |
[    8.370938] cloud-init[684]: ci-info: |   2   |   10.0.2.2  | 0.0.0.0  | 255.255.255.255 |   enp0s3  |   UH  |
[    8.371774] cloud-init[684]: ci-info: +-------+-------------+----------+-----------------+-----------+-------+
[    8.372497] cloud-init[684]: ci-info: +++++++++++++++++++Route IPv6 info+++++++++++++++++++
[    8.373036] cloud-init[684]: ci-info: +-------+-------------+---------+-----------+-------+
[    8.373554] cloud-init[684]: ci-info: | Route | Destination | Gateway | Interface | Flags |
[    8.374044] cloud-init[684]: ci-info: +-------+-------------+---------+-----------+-------+
[    8.384792] cloud-init[684]: ci-info: |   1   |  fe80::/64  |    ::   |   enp0s3  |   U   |
[    8.396359] cloud-init[684]: ci-info: |   3   |    local    |    ::   |   enp0s3  |   U   |
[    8.396990] cloud-init[684]: ci-info: |   4   |   ff00::/8  |    ::   |   enp0s3  |   U   |
[    8.397788] cloud-init[684]: ci-info: +-------+-------------+---------+-----------+-------+
[    8.869265] cloud-init[684]: Generating public/private rsa key pair.
[    8.869821] cloud-init[684]: Your identification has been saved in /etc/ssh/ssh_host_rsa_key.
[    8.870333] cloud-init[684]: Your public key has been saved in /etc/ssh/ssh_host_rsa_key.pub.
[    8.870829] cloud-init[684]: The key fingerprint is:
[    8.871441] cloud-init[684]: SHA256:DQki++961JGAjX6r9vD+6kOGX5IyG5gBkAXXgOIfX8Q root@ubuntu-bionic
[    8.872262] cloud-init[684]: The key's randomart image is:
[    8.872757] cloud-init[684]: +---[RSA 2048]----+
[    8.873214] cloud-init[684]: |+==o.+o          |
[    8.873493] cloud-init[684]: |=. o+.oE .       |
[    8.884320] cloud-init[684]: |o...  ..o.       |
[    8.884700] cloud-init[684]: | ..o. ..oo       |
[    8.885168] cloud-init[684]: |  .++o.+S..      |
[    8.885617] cloud-init[684]: |  o.=oB o        |
[    8.885998] cloud-init[684]: |    .@.o         |
[    8.896991] cloud-init[684]: |    +++          |
[    8.908711] cloud-init[684]: |   ..*B+.        |
[    8.909171] cloud-init[684]: +----[SHA256]-----+
[    8.920444] cloud-init[684]: Generating public/private dsa key pair.
[    8.920917] cloud-init[684]: Your identification has been saved in /etc/ssh/ssh_host_dsa_key.
[    8.921578] cloud-init[684]: Your public key has been saved in /etc/ssh/ssh_host_dsa_key.pub.
[    8.922290] cloud-init[684]: The key fingerprint is:
[    8.932441] cloud-init[684]: SHA256:+CfpA8QWNAD2yXfHThRlfY52qKZKJUiACd6Vlah/cAE root@ubuntu-bionic
[    8.933050] cloud-init[684]: The key's randomart image is:
[    8.933528] cloud-init[684]: +---[DSA 1024]----+
[    8.934003] cloud-init[684]: |..o+oEB.. ooo.   |
[    8.934335] cloud-init[684]: |..+o.=.+ o .  . .|
[[0;32m  OK  [0m] Started Initial cloud-init job (metadata service crawler).
[    8.945273] cloud-init[684]: | . .=.o.o +    = |
[    8.957339] cloud-init[684]: |   . ++= +    + o|
[[0;32m  OK  [0m] Reached target Network is Online.
[    8.957727] cloud-init[684]: |    .o= S o  o . |
[[0;32m  OK  [0m] Reached target Remote File Systems (Pre).
[[0;32m  OK  [0m[    8.968431] cloud-init[684]: |     ..o +  o    |
[    8.968878] cloud-init[684]: |      ..= .o     |
[    8.969080] cloud-init[684]: |       o.o.      |
[    8.969413] cloud-init[684]: |        oo       |
[    8.969553] cloud-init[684]: +----[SHA256]-----+
[    8.969806] cloud-init[684]: Generating public/private ecdsa key pair.
[    8.970040] cloud-init[684]: Your identification has been saved in /etc/ssh/ssh_host_ecdsa_key.
[    8.970242] cloud-init[684]: Your public key has been saved in /etc/ssh/ssh_host_ecdsa_key.pub.
[    8.970465] cloud-init[684]: The key fingerprint is:
[    8.970543] cloud-init[684]: SHA256:Fq88FwwndYE0mNlBLXazelSVBiQF9sAVtFeY/ootmMk root@ubuntu-bionic
[    8.970898] cloud-init[684]: The key's randomart image is:
[    8.971159] cloud-init[684]: +---[ECDSA 256]---+
[    8.971324] cloud-init[684]: |         BBOOOo++|
[    8.971473] cloud-init[684]: |        +.*+B =o.|
[    8.971653] cloud-init[684]: |        +..o B.. |
[    8.971913] cloud-init[684]: |         B  o o  |
[    8.972082] cloud-init[684]: |        S +o   . |
[    8.972233] cloud-init[684]: |       o ....   .|
[    8.972311] cloud-init[684]: |        +..= o . |
[    8.972363] cloud-init[684]: |         oE o o  |
[    8.972474] cloud-init[684]: |             .   |
[    8.972644] cloud-init[684]: +----[SHA256]-----+
[    8.972760] cloud-init[684]: Generating public/private ed25519 key pair.
[    8.972932] cloud-init[684]: Your identification has been saved in /etc/ssh/ssh_host_ed25519_key.
[    8.973121] cloud-init[684]: Your public key has been saved in /etc/ssh/ssh_host_ed25519_key.pub.
[    8.973264] cloud-init[684]: The key fingerprint is:
[    8.973498] cloud-init[684]: SHA256:zQbTlTX3PPXUHeOOKyKFQ4qtay2Hw2nMK3kfHuh53qE root@ubuntu-bionic
[    8.973613] cloud-init[684]: The key's randomart image is:
[    8.973695] cloud-init[684]: +--[ED25519 256]--+
[    8.973839] cloud-init[684]: |            .oooB|
[    8.973998] cloud-init[684]: |         . .. .=B|
[    8.974148] cloud-init[684]: |       .o .    o+|
[    8.974322] cloud-init[684]: |    o o .=    o .|
[    8.974464] cloud-init[684]: |   . o oS.+  . . |
[    8.974628] cloud-init[684]: |    o   o.    .  |
[    8.974803] cloud-init[684]: |  =o+o o . . .   |
[    8.974869] cloud-init[684]: | o.%++= o . .    |
[    8.975036] cloud-init[684]: |  ==OE .         |
[    8.975180] cloud-init[684]: +----[SHA256]-----+
] Reached target Remote File Systems.
         Starting Availability of block devices...
[[0;32m  OK  [0m] Reached target System Initialization.
         Starting Socket activation for snappy daemon.
[[0;32m  OK  [0m] Started ACPI Events Check.
[[0;32m  OK  [0m] Started Trigger to poll for Ubuntu …(Only enabled on GCP LTS non-pro).
[[0;32m  OK  [0m] Reached target Paths.
[[0;32m  OK  [0m] Listening on ACPID Listen Socket.
[[0;32m  OK  [0m] Listening on D-Bus System Message Bus Socket.
[[0;32m  OK  [0m] Listening on UUID daemon activation socket.
[[0;32m  OK  [0m] Started Daily Cleanup of Temporary Directories.
         Starting LXD - unix socket.
[[0;32m  OK  [0m] Listening on cloud-init hotplug hook socket.
[[0;32m  OK  [0m] Listening on Open-iSCSI iscsid Socket.
[[0;32m  OK  [0m] Started Message of the Day.
[[0;32m  OK  [0m] Started Daily apt download activities.
[[0;32m  OK  [0m] Started Daily apt upgrade and clean activities.
[[0;32m  OK  [0m] Started Discard unused blocks once a week.
[[0;32m  OK  [0m] Started Ubuntu Advantage Timer for running repeated jobs.
[[0;32m  OK  [0m] Reached target Timers.
[[0;32m  OK  [0m] Reached target Cloud-config availability.
[[0;32m  OK  [0m] Started Availability of block devices.
[[0;32m  OK  [0m] Listening on Socket activation for snappy daemon.
[[0;32m  OK  [0m] Listening on LXD - unix socket.
[[0;32m  OK  [0m] Reached target Sockets.
[[0;32m  OK  [0m] Reached target Basic System.
[[0;32m  OK  [0m] Started D-Bus System Message Bus.
         Starting System Logging Service...
[[0;32m  OK  [0m] Started irqbalance daemon.
         Starting Virtualbox guest utils...
[[0;32m  OK  [0m] Started Regular background program processing daemon.
         Starting Accounts Service...
[[0;32m  OK  [0m] Started FUSE filesystem for LXC.
         Starting LSB: automatic crash report generation...
         Starting Login Service...
         Starting Dispatcher daemon for systemd-networkd...
         Starting LSB: Record successful boot for GRUB...
         Starting Pollinate to seed the pseudo random number generator...
[[0;32m  OK  [0m] Started Deferred execution scheduler.
         Starting LXD - container startup/shutdown...
         Starting Permit User Sessions...
         Starting Snap Daemon...
[[0;32m  OK  [0m] Started System Logging Service.
[[0;32m  OK  [0m] Started Permit User Sessions.
[[0;32m  OK  [0m] Started LXD - container startup/shutdown.
[[0;32m  OK  [0m] Started Login Service.
[[0;32m  OK  [0m] Started Unattended Upgrades Shutdown.
         Starting Authorization Manager...
         Starting Hold until boot process finishes up...
         Starting Terminate Plymouth Boot Screen...
[[0;32m  OK  [0m] Started Hold until boot process finishes up.
         Starting Set console scheme...
[[0;32m  OK  [0m] Started Serial Getty on ttyS0.
[[0;32m  OK  [0m] Started Terminate Plymouth Boot Screen.
[[0;32m  OK  [0m] Started LSB: automatic crash report generation.
[[0;32m  OK  [0m] Started Set console scheme.
[[0;32m  OK  [0m] Created slice system-getty.slice.
[[0;32m  OK  [0m] Started Getty on tty1.
[[0;32m  OK  [0m] Reached target Login Prompts.
[[0;32m  OK  [0m] Started Dispatcher daemon for systemd-networkd.
[[0;32m  OK  [0m] Started LSB: Record successful boot for GRUB.
[[0;32m  OK  [0m] Started Authorization Manager.
[[0;32m  OK  [0m] Started Accounts Service.
[[0;32m  OK  [0m] Started Virtualbox guest utils.
[[0;32m  OK  [0m] Started Snap Daemon.
         Starting Wait until snapd is fully seeded...
[[0;32m  OK  [0m] Started Pollinate to seed the pseudo random number generator.
         Starting OpenBSD Secure Shell server...
[[0;32m  OK  [0m] Started OpenBSD Secure Shell server.
[[0;32m  OK  [0m] Created slice User Slice of vagrant.
         Starting User Manager for UID 1000...
[[0;32m  OK  [0m] Started Session 1 of user vagrant.
[[0;32m  OK  [0m] Started User Manager for UID 1000.
[[0;32m  OK  [0m] Started Wait until snapd is fully seeded.
         Starting Apply the settings specified in cloud-config...
[[0;32m  OK  [0m] Reached target Multi-User System.
[[0;32m  OK  [0m] Reached target Graphical Interface.
         Starting Update UTMP about System Runlevel Changes...
[[0;32m  OK  [0m] Started Update UTMP about System Runlevel Changes.
[   13.881821] cloud-init[1345]: Cloud-init v. 21.4-0ubuntu1~18.04.1 running 'modules:config' at Sat, 08 Jan 2022 08:00:10 +0000. Up 13.38 seconds.
[[0;32m  OK  [0m] Started Apply the settings specified in cloud-config.
         Starting Execute cloud user/final scripts...
ci-info: no authorized SSH keys fingerprints found for user ubuntu.
<14>Jan  8 08:00:11 cloud-init: #############################################################
<14>Jan  8 08:00:11 cloud-init: -----BEGIN SSH HOST KEY FINGERPRINTS-----
<14>Jan  8 08:00:11 cloud-init: 1024 SHA256:+CfpA8QWNAD2yXfHThRlfY52qKZKJUiACd6Vlah/cAE root@ubuntu-bionic (DSA)
<14>Jan  8 08:00:11 cloud-init: 256 SHA256:Fq88FwwndYE0mNlBLXazelSVBiQF9sAVtFeY/ootmMk root@ubuntu-bionic (ECDSA)
<14>Jan  8 08:00:11 cloud-init: 256 SHA256:zQbTlTX3PPXUHeOOKyKFQ4qtay2Hw2nMK3kfHuh53qE root@ubuntu-bionic (ED25519)
<14>Jan  8 08:00:11 cloud-init: 2048 SHA256:DQki++961JGAjX6r9vD+6kOGX5IyG5gBkAXXgOIfX8Q root@ubuntu-bionic (RSA)
<14>Jan  8 08:00:11 cloud-init: -----END SSH HOST KEY FINGERPRINTS-----
<14>Jan  8 08:00:11 cloud-init: #############################################################
-----BEGIN SSH HOST KEY KEYS-----
ecdsa-sha2-nistp256 AAAAE2VjZHNhLXNoYTItbmlzdHAyNTYAAAAIbmlzdHAyNTYAAABBBCWOePXI62zhosc7eyxBiiOjBp5uLwI1X+0RAt7Y+Pl05x8SLE4rD4O2V66qlm/prqG0fMY0WEfWTSh3szkxMZ8= root@ubuntu-bionic
ssh-ed25519 AAAAC3NzaC1lZDI1NTE5AAAAIIgLMFIA3hnZEiI7HhUTIw6qkewuyoqg4UploArqJXrF root@ubuntu-bionic
ssh-rsa AAAAB3NzaC1yc2EAAAADAQABAAABAQDpO0G6670oUWH1T8SQB3oIv+N1C5zDDdTgx7iN+r9tgWVZlIJFseh1sBL5xsNRL7VPkt//7+ahrvWwtInd+NdQCC8CfqbEdXLr2YNx6F7wmYZUrCsj5KXpeVuz44F4ciCDkXORDExoak0Hg8KUHiFdCQzjtLa5gkDubPytJrBitvHe+DQpj5LNVGx7xh+g5xxx2PJeMiG5ZCVol2LboH51OsxP1WRpVYE837pTA+z1WTuiof3IkKb23qGkvyI6EqraANX7NW7pY12OM2VsJVrjj6Zf3NuBTDrumYIC4LDCCxWTLFA1ZuVr6CzDu2Z8r07GJoHkZtvkgLlfqsN+crm7 root@ubuntu-bionic
-----END SSH HOST KEY KEYS-----
[   14.544054] cloud-init[1456]: Cloud-init v. 21.4-0ubuntu1~18.04.1 running 'modules:final' at Sat, 08 Jan 2022 08:00:11 +0000. Up 14.37 seconds.
[   14.544158] cloud-init[1456]: ci-info: no authorized SSH keys fingerprints found for user ubuntu.
[   14.544210] cloud-init[1456]: Cloud-init v. 21.4-0ubuntu1~18.04.1 finished at Sat, 08 Jan 2022 08:00:11 +0000. Datasource DataSourceNoCloud [seed=/dev/sdb][dsmode=net].  Up 14.53 seconds

Ubuntu 18.04.6 LTS ubuntu-bionic ttyS0

ubuntu-bionic login: 